[2024-05-24 09:34:41,771] multiqc                                            [DEBUG  ]  This is MultiQC v1.21
[2024-05-24 09:34:41,772] multiqc                                            [DEBUG  ]  Command used: /scr/dings/PEVO/22_DNA_gencode_ref_new2/anne_vep/.snakemake/conda/5ac704564f0cdc3c47fdc6b1a9f0b5bd_/bin/multiqc . --interactive -f
[2024-05-24 09:34:41,947] multiqc                                            [WARNING]  MultiQC Version v1.22.1 now available!
[2024-05-24 09:34:41,948] multiqc                                            [DEBUG  ]  Latest MultiQC version is v1.22.1, released 2024-05-17
[2024-05-24 09:34:41,948] multiqc                                            [DEBUG  ]  Working dir : /scr/dings/PEVO/22_DNA_gencode_ref_new2/anne_vep/annotated/vcfs
[2024-05-24 09:34:41,948] multiqc                                            [DEBUG  ]  Template    : default
[2024-05-24 09:34:41,949] multiqc                                            [DEBUG  ]  Running Python 3.11.9 | packaged by conda-forge | (main, Apr 19 2024, 18:36:13) [GCC 12.3.0]
[2024-05-24 09:34:41,950] multiqc                                            [DEBUG  ]  Analysing modules: custom_content, ccs, ngsderive, purple, conpair, isoseq, lima, peddy, somalier, methylqa, mosdepth, phantompeakqualtools, qualimap, bamdst, preseq, hifiasm, quast, qorts, rna_seqc, rockhopper, rsem, rseqc, busco, bustools, goleft_indexcov, gffcompare, disambiguate, supernova, deeptools, sargasso, verifybamid, mirtrace, happy, mirtop, sambamba, gopeaks, homer, hops, macs2, theta2, snpeff, gatk, htseq, bcftools, featureCounts, fgbio, dragen, dragen_fastqc, dedup, pbmarkdup, damageprofiler, mapdamage, biobambam2, jcvi, mtnucratio, picard, vep, bakta, prokka, qc3C, nanostat, samblaster, samtools, sexdeterrmine, seqera_cli, eigenstratdatabasetools, bamtools, jellyfish, vcftools, longranger, stacks, varscan2, snippy, umitools, truvari, megahit, bbmap, bismark, biscuit, diamond, hicexplorer, hicup, hicpro, salmon, kallisto, slamdunk, star, hisat2, tophat, bowtie2, bowtie1, cellranger, snpsplit, odgi, pangolin, nextclade, freyja, humid, kat, leehom, librarian, nonpareil, adapterRemoval, bbduk, clipandmerge, cutadapt, flexbar, sourmash, kaiju, bracken, kraken, malt, motus, trimmomatic, sickle, skewer, sortmerna, biobloomtools, fastq_screen, afterqc, fastp, fastqc, filtlong, prinseqplusplus, pychopper, porechop, pycoqc, minionqc, anglerfish, multivcfanalyzer, clusterflow, checkqc, bcl2fastq, bclconvert, interop, ivar, flash, seqyclean, optitype, whatshap, spaceranger, xenome, xengsort, metaphlan, seqwho
[2024-05-24 09:34:42,050] multiqc                                            [DEBUG  ]  Using temporary directory for creating report: /tmp/tmpjtfg8rj1
[2024-05-24 09:34:42,060] multiqc                                            [INFO   ]  Search path : /scr/dings/PEVO/22_DNA_gencode_ref_new2/anne_vep/annotated/vcfs
[2024-05-24 09:34:42,218] multiqc                                            [DEBUG  ]  Summary of files that were skipped by the search: [skipped_module_specific_max_filesize: 25] // [skipped_no_match: 4] // [skipped_filesize_limit: 2]
[2024-05-24 09:34:43,083] multiqc                                            [DEBUG  ]  No samples found: custom_content
[2024-05-24 09:34:43,123] multiqc.modules.snpeff.snpeff                      [INFO   ]  Found 1 reports
[2024-05-24 09:34:43,124] multiqc.utils.util_functions                       [DEBUG  ]  Wrote data file multiqc_snpeff.txt
[2024-05-24 09:34:45,193] multiqc.modules.vep.vep                            [INFO   ]  Found 1 VEP summaries
[2024-05-24 09:34:45,193] multiqc.utils.util_functions                       [DEBUG  ]  Wrote data file vep.txt
[2024-05-24 09:34:45,337] multiqc.utils.software_versions                    [DEBUG  ]  Reading software versions from config.software_versions
[2024-05-24 09:34:45,389] multiqc.utils.util_functions                       [DEBUG  ]  Wrote data file multiqc_software_versions.txt
[2024-05-24 09:34:45,407] multiqc.utils.util_functions                       [DEBUG  ]  Wrote data file multiqc_general_stats.txt
[2024-05-24 09:34:45,408] multiqc                                            [DEBUG  ]  Compressing plot data
[2024-05-24 09:34:45,449] multiqc.utils.util_functions                       [DEBUG  ]  Wrote data file multiqc_data.json
[2024-05-24 09:34:45,449] multiqc                                            [INFO   ]  Report      : multiqc_report.html
[2024-05-24 09:34:45,450] multiqc                                            [INFO   ]  Data        : multiqc_data
[2024-05-24 09:34:45,450] multiqc                                            [DEBUG  ]  Moving data file from '/tmp/tmpjtfg8rj1/multiqc_data' to '/scr/dings/PEVO/22_DNA_gencode_ref_new2/anne_vep/annotated/vcfs/multiqc_data'
[2024-05-24 09:34:45,507] multiqc                                            [DEBUG  ]  Full report path: /scr/dings/PEVO/22_DNA_gencode_ref_new2/anne_vep/annotated/vcfs/multiqc_report.html
[2024-05-24 09:34:46,728] multiqc                                            [INFO   ]  MultiQC complete
