[2024-05-23 11:00:43,974] multiqc                                            [DEBUG  ]  This is MultiQC v1.21
[2024-05-23 11:00:43,976] multiqc                                            [DEBUG  ]  Command used: /scr/dings/PEVO/22_DNA_gencode_ref_new2/anne_vep/.snakemake/conda/5ac704564f0cdc3c47fdc6b1a9f0b5bd_/bin/multiqc . --interactive
[2024-05-23 11:00:44,127] multiqc                                            [WARNING]  MultiQC Version v1.22.1 now available!
[2024-05-23 11:00:44,127] multiqc                                            [DEBUG  ]  Latest MultiQC version is v1.22.1, released 2024-05-17
[2024-05-23 11:00:44,127] multiqc                                            [DEBUG  ]  Working dir : /scr/dings/PEVO/22_DNA_gencode_ref_new2/anne_vep/annotated
[2024-05-23 11:00:44,128] multiqc                                            [DEBUG  ]  Template    : default
[2024-05-23 11:00:44,128] multiqc                                            [DEBUG  ]  Running Python 3.11.9 | packaged by conda-forge | (main, Apr 19 2024, 18:36:13) [GCC 12.3.0]
[2024-05-23 11:00:44,130] multiqc                                            [DEBUG  ]  Analysing modules: custom_content, ccs, ngsderive, purple, conpair, isoseq, lima, peddy, somalier, methylqa, mosdepth, phantompeakqualtools, qualimap, bamdst, preseq, hifiasm, quast, qorts, rna_seqc, rockhopper, rsem, rseqc, busco, bustools, goleft_indexcov, gffcompare, disambiguate, supernova, deeptools, sargasso, verifybamid, mirtrace, happy, mirtop, sambamba, gopeaks, homer, hops, macs2, theta2, snpeff, gatk, htseq, bcftools, featureCounts, fgbio, dragen, dragen_fastqc, dedup, pbmarkdup, damageprofiler, mapdamage, biobambam2, jcvi, mtnucratio, picard, vep, bakta, prokka, qc3C, nanostat, samblaster, samtools, sexdeterrmine, seqera_cli, eigenstratdatabasetools, bamtools, jellyfish, vcftools, longranger, stacks, varscan2, snippy, umitools, truvari, megahit, bbmap, bismark, biscuit, diamond, hicexplorer, hicup, hicpro, salmon, kallisto, slamdunk, star, hisat2, tophat, bowtie2, bowtie1, cellranger, snpsplit, odgi, pangolin, nextclade, freyja, humid, kat, leehom, librarian, nonpareil, adapterRemoval, bbduk, clipandmerge, cutadapt, flexbar, sourmash, kaiju, bracken, kraken, malt, motus, trimmomatic, sickle, skewer, sortmerna, biobloomtools, fastq_screen, afterqc, fastp, fastqc, filtlong, prinseqplusplus, pychopper, porechop, pycoqc, minionqc, anglerfish, multivcfanalyzer, clusterflow, checkqc, bcl2fastq, bclconvert, interop, ivar, flash, seqyclean, optitype, whatshap, spaceranger, xenome, xengsort, metaphlan, seqwho
[2024-05-23 11:00:44,130] multiqc                                            [DEBUG  ]  Using temporary directory for creating report: /tmp/tmp8jz6atb6
[2024-05-23 11:00:44,131] multiqc                                            [INFO   ]  Search path : /scr/dings/PEVO/22_DNA_gencode_ref_new2/anne_vep/annotated
[2024-05-23 11:00:44,220] multiqc                                            [DEBUG  ]  Summary of files that were skipped by the search: [skipped_module_specific_max_filesize: 41] // [skipped_no_match: 5] // [skipped_filesize_limit: 2] // [skipped_directory_fn_ignore_dirs: 1]
[2024-05-23 11:00:44,240] multiqc                                            [DEBUG  ]  No samples found: custom_content
[2024-05-23 11:00:44,242] multiqc.modules.snpeff.snpeff                      [INFO   ]  Found 1 reports
[2024-05-23 11:00:44,243] multiqc.utils.util_functions                       [DEBUG  ]  Wrote data file multiqc_snpeff.txt
[2024-05-23 11:00:44,294] multiqc.modules.vep.vep                            [INFO   ]  Found 1 VEP summaries
[2024-05-23 11:00:44,294] multiqc.utils.util_functions                       [DEBUG  ]  Wrote data file vep.txt
[2024-05-23 11:00:44,329] multiqc.utils.software_versions                    [DEBUG  ]  Reading software versions from config.software_versions
[2024-05-23 11:00:44,330] multiqc.utils.util_functions                       [DEBUG  ]  Wrote data file multiqc_software_versions.txt
[2024-05-23 11:00:44,337] multiqc.utils.util_functions                       [DEBUG  ]  Wrote data file multiqc_general_stats.txt
[2024-05-23 11:00:44,337] multiqc                                            [DEBUG  ]  Compressing plot data
[2024-05-23 11:00:44,376] multiqc.utils.util_functions                       [DEBUG  ]  Wrote data file multiqc_data.json
[2024-05-23 11:00:44,376] multiqc                                            [INFO   ]  Report      : multiqc_report.html
[2024-05-23 11:00:44,376] multiqc                                            [INFO   ]  Data        : multiqc_data
[2024-05-23 11:00:44,376] multiqc                                            [DEBUG  ]  Moving data file from '/tmp/tmp8jz6atb6/multiqc_data' to '/scr/dings/PEVO/22_DNA_gencode_ref_new2/anne_vep/annotated/multiqc_data'
[2024-05-23 11:00:44,377] multiqc                                            [DEBUG  ]  Full report path: /scr/dings/PEVO/22_DNA_gencode_ref_new2/anne_vep/annotated/multiqc_report.html
[2024-05-23 11:00:44,523] multiqc                                            [INFO   ]  MultiQC complete
